SF:lib/core/utils/errors/server_exceptions.dart
DA:53,3
DA:54,9
DA:55,2
DA:56,2
DA:57,2
DA:58,2
DA:59,2
DA:60,6
DA:61,2
DA:62,1
DA:63,1
DA:64,2
DA:65,2
DA:66,1
DA:67,2
DA:68,1
DA:70,2
DA:71,2
DA:72,2
LF:19
LH:19
end_of_record
SF:lib/core/utils/errors/failure.dart
DA:15,3
DA:17,3
DA:19,1
DA:20,1
DA:21,1
DA:22,1
DA:23,1
DA:24,1
DA:25,1
DA:26,0
DA:29,6
LF:11
LH:10
end_of_record
SF:lib/modules/product/product_listing/domain/entities/product.dart
DA:4,18
LF:1
LH:1
end_of_record
SF:lib/modules/product/product_listing/domain/entities/product_category.dart
DA:2,20
LF:1
LH:1
end_of_record
SF:lib/modules/product/product_listing/domain/use_cases/fetch_most_use_products_use_case.dart
DA:13,3
DA:17,2
DA:19,8
LF:3
LH:3
end_of_record
SF:lib/modules/product/product_listing/domain/use_cases/fetch_recommended_products_use_case.dart
DA:10,3
DA:14,2
DA:16,4
LF:3
LH:3
end_of_record
SF:lib/modules/product/product_listing/domain/use_cases/fetch_snack_products_use_case.dart
DA:10,3
DA:14,2
DA:16,4
LF:3
LH:3
end_of_record
SF:lib/core/network/network_request.dart
DA:10,4
DA:14,2
DA:16,8
DA:18,1
DA:20,4
LF:5
LH:5
end_of_record
SF:lib/modules/product/product_listing/presentation/logic/snack_product/snack_product_cubit.dart
DA:16,6
DA:19,2
DA:20,2
DA:22,6
DA:24,2
DA:25,6
DA:26,3
LF:7
LH:7
end_of_record
SF:lib/core/network/network_session.dart
DA:13,2
DA:17,6
DA:18,4
DA:20,2
DA:21,2
DA:22,3
DA:24,1
DA:25,1
DA:26,2
DA:28,2
DA:29,6
DA:31,2
DA:32,4
DA:34,1
DA:35,3
DA:37,1
DA:38,1
DA:39,2
DA:41,1
DA:42,3
DA:44,1
DA:45,1
DA:46,2
DA:48,1
DA:49,3
DA:51,1
DA:52,1
DA:53,2
DA:55,1
DA:56,3
DA:58,1
DA:59,1
DA:60,2
DA:64,1
DA:71,2
DA:72,2
DA:73,2
DA:75,1
DA:76,2
LF:39
LH:39
end_of_record
SF:lib/core/services/register_modules.dart
DA:6,3
DA:7,3
DA:8,3
DA:9,3
LF:4
LH:4
end_of_record
SF:lib/modules/product/product_listing/data/data_source/remote_data_source/product_listing_remote_data_source_imp.dart
DA:16,3
DA:19,2
DA:25,4
DA:26,2
DA:29,2
DA:30,1
DA:32,4
DA:36,2
DA:39,4
DA:40,2
DA:43,2
DA:44,1
DA:46,4
DA:50,2
DA:53,4
DA:54,2
DA:57,2
DA:58,1
DA:60,4
LF:19
LH:19
end_of_record
SF:lib/modules/product/product_listing/data/repositories/product_listing_repo_imp.dart
DA:11,3
DA:15,2
DA:17,4
DA:18,2
DA:19,4
DA:20,3
DA:24,2
DA:26,4
DA:27,2
DA:28,4
DA:29,3
DA:33,2
DA:35,4
DA:36,2
DA:37,4
DA:38,3
LF:16
LH:16
end_of_record
SF:lib/modules/product/product_listing/presentation/logic/most_use_poroduct/most_use_product_cubit.dart
DA:16,6
DA:20,2
DA:22,6
DA:23,4
DA:24,1
DA:26,3
DA:29,8
DA:33,4
DA:35,2
DA:36,4
DA:37,6
DA:39,1
DA:40,1
DA:41,6
LF:14
LH:14
end_of_record
SF:lib/modules/product/product_listing/presentation/logic/recommendation/recommendation_cubit.dart
DA:15,6
DA:18,2
DA:19,2
DA:21,6
DA:23,2
DA:24,6
DA:25,3
LF:7
LH:7
end_of_record
SF:lib/core/services/app_di.dart
DA:6,18
DA:8,2
DA:9,4
LF:3
LH:3
end_of_record
SF:lib/core/services/app_router.dart
DA:7,6
DA:9,2
DA:10,4
LF:3
LH:3
end_of_record
SF:lib/modules/product/product_listing/presentation/screens/product_listing_screen.dart
DA:11,25
DA:14,1
DA:15,1
DA:19,1
DA:21,1
DA:22,3
DA:23,3
DA:24,3
DA:25,3
DA:29,1
DA:31,1
DA:33,1
LF:12
LH:12
end_of_record
SF:lib/modules/product/product_listing/product_routes.dart
DA:7,3
DA:8,3
DA:9,6
LF:3
LH:3
end_of_record
SF:lib/modules/product/product_listing/data/data_source/remote_data_source/network_requests/most_use_products_network_request.dart
DA:5,3
DA:13,2
DA:16,2
DA:17,2
DA:18,2
DA:19,2
DA:22,2
LF:7
LH:7
end_of_record
SF:lib/modules/product/product_listing/data/data_source/remote_data_source/network_requests/recommended_products_network_request.dart
DA:5,2
DA:8,2
LF:2
LH:2
end_of_record
SF:lib/modules/product/product_listing/data/data_source/remote_data_source/network_requests/snack_products_network_request.dart
DA:5,2
DA:8,2
LF:2
LH:2
end_of_record
SF:lib/modules/product/product_listing/data/data_source/remote_data_source/network_responses/most_use_products_response.dart
DA:5,3
DA:8,2
DA:9,2
DA:10,2
DA:11,4
DA:12,2
DA:13,2
DA:15,2
DA:17,6
LF:9
LH:9
end_of_record
SF:lib/modules/product/product_listing/data/models/product_model.dart
DA:5,6
DA:17,5
DA:19,5
DA:20,5
DA:21,5
DA:22,5
DA:23,5
DA:24,5
DA:25,5
DA:26,5
DA:27,10
DA:30,2
LF:12
LH:12
end_of_record
SF:lib/modules/product/product_listing/data/data_source/remote_data_source/network_responses/recommended_product_response.dart
DA:5,3
DA:8,2
DA:9,2
DA:10,2
DA:11,4
DA:12,2
DA:13,2
DA:15,2
DA:17,6
LF:9
LH:9
end_of_record
SF:lib/modules/product/product_listing/data/data_source/remote_data_source/network_responses/snack_products_response.dart
DA:5,3
DA:8,2
DA:9,2
DA:10,2
DA:11,4
DA:12,2
DA:13,2
DA:15,2
DA:17,6
LF:9
LH:9
end_of_record
SF:lib/modules/product/product_listing/data/models/product_category_model.dart
DA:4,7
DA:12,6
DA:14,6
DA:15,6
DA:16,6
DA:17,6
DA:18,6
DA:19,6
DA:22,2
LF:9
LH:9
end_of_record
SF:lib/modules/product/product_listing/presentation/product_listing_routes.dart
DA:7,3
DA:8,3
DA:9,3
DA:12,1
LF:4
LH:4
end_of_record
SF:lib/modules/product/product_listing/presentation/widgets/most_use_product_list_view.dart
DA:9,26
DA:11,2
DA:13,2
DA:15,2
DA:18,2
DA:30,2
DA:31,4
DA:32,2
DA:33,2
DA:40,2
DA:41,2
DA:43,2
DA:44,8
DA:45,2
DA:46,1
DA:47,3
DA:54,2
DA:55,2
DA:56,2
DA:59,2
DA:60,4
DA:61,4
DA:64,2
DA:65,4
DA:66,2
DA:70,2
DA:72,2
DA:73,2
DA:75,2
DA:76,2
LF:30
LH:30
end_of_record
SF:lib/modules/product/product_listing/presentation/widgets/product_item.dart
DA:6,5
DA:13,5
DA:15,5
DA:17,5
DA:19,5
DA:20,5
DA:23,5
DA:24,5
DA:25,5
DA:27,5
DA:28,15
DA:31,5
DA:33,5
DA:34,5
DA:36,5
DA:52,5
DA:53,5
DA:54,5
DA:62,5
DA:63,15
DA:72,5
DA:73,10
LF:22
LH:22
end_of_record
SF:lib/modules/product/product_listing/presentation/widgets/product_list_view.dart
DA:7,3
DA:13,3
DA:15,3
DA:17,3
DA:19,6
DA:23,12
DA:24,3
LF:7
LH:7
end_of_record
SF:lib/modules/product/product_listing/presentation/widgets/recomendation_list_view.dart
DA:9,26
DA:11,2
DA:13,2
DA:15,2
DA:18,2
DA:30,2
DA:31,4
DA:32,2
DA:33,2
DA:34,4
DA:36,2
DA:37,6
DA:38,2
DA:39,1
DA:40,3
DA:46,2
DA:47,2
LF:17
LH:17
end_of_record
SF:lib/modules/product/product_listing/presentation/widgets/snack_products_list_view.dart
DA:9,26
DA:11,2
DA:13,2
DA:15,2
DA:18,2
DA:30,2
DA:31,4
DA:32,2
DA:33,2
DA:34,4
DA:36,2
DA:37,6
DA:38,2
DA:39,1
DA:40,3
DA:46,2
DA:47,2
LF:17
LH:17
end_of_record
SF:lib/modules/product/product_listing/presentation/logic/snack_product/snack_product_state.dart
LF:0
LH:0
end_of_record
SF:lib/modules/product/product_listing/presentation/logic/most_use_poroduct/most_use_product_state.dart
LF:0
LH:0
end_of_record
SF:lib/modules/product/product_listing/presentation/logic/recommendation/recommendation_state.dart
LF:0
LH:0
end_of_record
